-------------------------------------------------------------------------------
Test set: com.lmxdawn.api.BaseApiAdminApplicationTest
-------------------------------------------------------------------------------
Tests run: 1, Failures: 0, Errors: 1, Skipped: 0, Time elapsed: 0.07 s <<< FAILURE! - in com.lmxdawn.api.BaseApiAdminApplicationTest
initializationError(com.lmxdawn.api.BaseApiAdminApplicationTest)  Time elapsed: 0.002 s  <<< ERROR!
java.lang.Exception: No runnable methods

